<?xml version="1.0" encoding="UTF-8"?>
<testng-results skipped="0" failed="0" total="1" passed="1">
  <reporter-output>
  </reporter-output>
  <suite name="Default suite" duration-ms="36433" started-at="2020-08-12T00:38:59Z" finished-at="2020-08-12T00:39:36Z">
    <groups>
    </groups>
    <test name="Default test" duration-ms="36433" started-at="2020-08-12T00:38:59Z" finished-at="2020-08-12T00:39:36Z">
      <class name="AleartConcepts.DemoAlarts">
        <test-method status="PASS" signature="selectDDValues()[pri:0, instance:AleartConcepts.DemoAlarts@73035e27]" name="selectDDValues" duration-ms="35259" started-at="2020-08-12T06:08:59Z" finished-at="2020-08-12T06:09:34Z">
          <reporter-output>
          </reporter-output>
        </test-method> <!-- selectDDValues -->
        <test-method status="PASS" signature="testafte()[pri:0, instance:AleartConcepts.DemoAlarts@73035e27]" name="testafte" is-config="true" duration-ms="1138" started-at="2020-08-12T06:09:35Z" finished-at="2020-08-12T06:09:36Z">
          <reporter-output>
          </reporter-output>
        </test-method> <!-- testafte -->
      </class> <!-- AleartConcepts.DemoAlarts -->
    </test> <!-- Default test -->
  </suite> <!-- Default suite -->
</testng-results>
